<?xml version="1.0" encoding="UTF-8"?>
<!-- Generated by org.testng.reporters.JUnitReportReporter -->
<testsuite hostname="AjaylovesSwaati" failures="0" tests="1" name="test.Test2" time="0.346" errors="0" timestamp="2022-07-16T11:52:20 IST" skipped="0">
  <testcase classname="test.Test2" name="test" time="0.346"/>
  <system-out/>
</testsuite> <!-- test.Test2 -->
